<?xml version="1.0" encoding="UTF-8" ?>

<testsuites name="vitest tests" tests="12" failures="2" errors="0" time="0.316">
    <testsuite name="tests/numberUtils.spec.js" timestamp="2025-06-20T16:36:34.655Z" hostname="Miguels-Laptop.local" tests="6" failures="0" errors="0" skipped="0" time="0.001814875">
        <testcase classname="tests/numberUtils.spec.js" name="calculateAverage &gt; calculates average of positive numbers" time="0.000722333">
        </testcase>
        <testcase classname="tests/numberUtils.spec.js" name="calculateAverage &gt; handles array with single number" time="0.000091041">
        </testcase>
        <testcase classname="tests/numberUtils.spec.js" name="calculateAverage &gt; handles empty array" time="0.000067041">
        </testcase>
        <testcase classname="tests/numberUtils.spec.js" name="calculateAverage &gt; handles negative numbers" time="0.000134875">
        </testcase>
        <testcase classname="tests/numberUtils.spec.js" name="calculateAverage &gt; handles decimal numbers" time="0.000145375">
        </testcase>
        <testcase classname="tests/numberUtils.spec.js" name="calculateAverage &gt; returns 0 for invalid input" time="0.000066208">
        </testcase>
    </testsuite>
    <testsuite name="tests/stringUtils.spec.js" timestamp="2025-06-20T16:36:34.657Z" hostname="Miguels-Laptop.local" tests="6" failures="2" errors="0" skipped="0" time="0.007715208">
        <testcase classname="tests/stringUtils.spec.js" name="capitalizeWords &gt; capitalizes first letter of each word" time="0.000803416">
        </testcase>
        <testcase classname="tests/stringUtils.spec.js" name="capitalizeWords &gt; handles already capitalized words" time="0.00021575">
        </testcase>
        <testcase classname="tests/stringUtils.spec.js" name="capitalizeWords &gt; handles empty string" time="0.00009">
        </testcase>
        <testcase classname="tests/stringUtils.spec.js" name="capitalizeWords &gt; handles single word" time="0.000155542">
        </testcase>
        <testcase classname="tests/stringUtils.spec.js" name="capitalizeWords &gt; handles mixed case input" time="0.004792209">
            <failure message="expected &apos;Hello World&apos; to be &apos;Hello World!&apos; // Object.is equality" type="AssertionError">
AssertionError: expected &apos;Hello World&apos; to be &apos;Hello World!&apos; // Object.is equality

Expected: &quot;Hello World!&quot;
Received: &quot;Hello World&quot;

 ❯ tests/stringUtils.spec.js:22:44
            </failure>
            <failure message="expected &apos;Hello World&apos; to be &apos;Hello World!&apos; // Object.is equality" type="AssertionError">
AssertionError: expected &apos;Hello World&apos; to be &apos;Hello World!&apos; // Object.is equality

Expected: &quot;Hello World!&quot;
Received: &quot;Hello World&quot;

 ❯ tests/stringUtils.spec.js:22:44
            </failure>
            <failure message="expected &apos;Hello World&apos; to be &apos;Hello World!&apos; // Object.is equality" type="AssertionError">
AssertionError: expected &apos;Hello World&apos; to be &apos;Hello World!&apos; // Object.is equality

Expected: &quot;Hello World!&quot;
Received: &quot;Hello World&quot;

 ❯ tests/stringUtils.spec.js:22:44
            </failure>
            <failure message="expected &apos;Hello World&apos; to be &apos;Hello World!&apos; // Object.is equality" type="AssertionError">
AssertionError: expected &apos;Hello World&apos; to be &apos;Hello World!&apos; // Object.is equality

Expected: &quot;Hello World!&quot;
Received: &quot;Hello World&quot;

 ❯ tests/stringUtils.spec.js:22:44
            </failure>
        </testcase>
        <testcase classname="tests/stringUtils.spec.js" name="capitalizeWords &gt; errors on number received" time="0.000952208">
            <failure message="str.split is not a function" type="TypeError">
TypeError: str.split is not a function
 ❯ Module.capitalizeWords stringUtils.js:4:6
 ❯ tests/stringUtils.spec.js:26:12
            </failure>
            <failure message="str.split is not a function" type="TypeError">
TypeError: str.split is not a function
 ❯ Module.capitalizeWords stringUtils.js:4:6
 ❯ tests/stringUtils.spec.js:26:12
            </failure>
            <failure message="str.split is not a function" type="TypeError">
TypeError: str.split is not a function
 ❯ Module.capitalizeWords stringUtils.js:4:6
 ❯ tests/stringUtils.spec.js:26:12
            </failure>
            <failure message="str.split is not a function" type="TypeError">
TypeError: str.split is not a function
 ❯ Module.capitalizeWords stringUtils.js:4:6
 ❯ tests/stringUtils.spec.js:26:12
            </failure>
        </testcase>
    </testsuite>
</testsuites>
