<?xml version="1.0" encoding="UTF-8"?>
<testsuites name="Mocha Tests" time="4.915" tests="2" failures="0">
  <testsuite name="Root Suite" timestamp="2024-11-20T16:54:33" tests="0" file="cy-example/e2e/second.cy.js" failures="0" time="0">
  </testsuite>
  <testsuite name="Second Test Suite" timestamp="2024-11-20T16:54:33" tests="2" failures="0" time="4.915">
    <testcase name="Second Test Suite visits google" time="1.184" classname="visits google" failure="false" error="false" success="true">
    </testcase>
    <testcase name="Second Test Suite can search" time="3.731" classname="can search" failure="false" error="false" success="true">
    </testcase>
  </testsuite>
</testsuites>