<?xml version="1.0" encoding="UTF-8"?>
<testsuites name="Mocha Tests" time="0.07200000000000001" tests="2" failures="2">
  <testsuite name="Root Suite" timestamp="2024-11-20T20:12:56" tests="0" file="cy-example/e2e/second.cy.js" failures="0" time="0">
  </testsuite>
  <testsuite name="Second Test Suite" timestamp="2024-11-20T20:12:56" tests="2" failures="2" time="0.07200000000000001">
    <testcase name="Second Test Suite visits google" time="0.037" classname="visits google" failure="true" error="true" success="false">
      <failure message="`cy.screenshot()` timed out waiting `10ms` to complete." type="CypressError"><![CDATA[CypressError: `cy.screenshot()` timed out waiting `10ms` to complete.
    at http://localhost:51324/__cypress/runner/cypress_runner.js:134043:73
    at tryCatcher (http://localhost:51324/__cypress/runner/cypress_runner.js:1830:23)
    at http://localhost:51324/__cypress/runner/cypress_runner.js:4209:41
    at tryCatcher (http://localhost:51324/__cypress/runner/cypress_runner.js:1830:23)
    at Promise._settlePromiseFromHandler (http://localhost:51324/__cypress/runner/cypress_runner.js:1542:31)
    at Promise._settlePromise (http://localhost:51324/__cypress/runner/cypress_runner.js:1599:18)
    at Promise._settlePromise0 (http://localhost:51324/__cypress/runner/cypress_runner.js:1644:10)
    at Promise._settlePromises (http://localhost:51324/__cypress/runner/cypress_runner.js:1720:18)
    at _drainQueueStep (http://localhost:51324/__cypress/runner/cypress_runner.js:2430:12)
    at _drainQueue (http://localhost:51324/__cypress/runner/cypress_runner.js:2423:9)
    at Async._drainQueues (http://localhost:51324/__cypress/runner/cypress_runner.js:2439:5)
    at Async.drainQueues (http://localhost:51324/__cypress/runner/cypress_runner.js:2309:14)]]></failure>
    </testcase>
    <testcase name="Second Test Suite can search" time="0.035" classname="can search" failure="true" error="true" success="false">
      <failure message="`cy.screenshot()` timed out waiting `10ms` to complete." type="CypressError"><![CDATA[CypressError: `cy.screenshot()` timed out waiting `10ms` to complete.
    at http://localhost:51324/__cypress/runner/cypress_runner.js:134043:73
    at tryCatcher (http://localhost:51324/__cypress/runner/cypress_runner.js:1830:23)
    at http://localhost:51324/__cypress/runner/cypress_runner.js:4209:41
    at tryCatcher (http://localhost:51324/__cypress/runner/cypress_runner.js:1830:23)
    at Promise._settlePromiseFromHandler (http://localhost:51324/__cypress/runner/cypress_runner.js:1542:31)
    at Promise._settlePromise (http://localhost:51324/__cypress/runner/cypress_runner.js:1599:18)
    at Promise._settlePromise0 (http://localhost:51324/__cypress/runner/cypress_runner.js:1644:10)
    at Promise._settlePromises (http://localhost:51324/__cypress/runner/cypress_runner.js:1720:18)
    at _drainQueueStep (http://localhost:51324/__cypress/runner/cypress_runner.js:2430:12)
    at _drainQueue (http://localhost:51324/__cypress/runner/cypress_runner.js:2423:9)
    at Async._drainQueues (http://localhost:51324/__cypress/runner/cypress_runner.js:2439:5)
    at Async.drainQueues (http://localhost:51324/__cypress/runner/cypress_runner.js:2309:14)]]></failure>
    </testcase>
  </testsuite>
</testsuites>