<?xml version="1.0" encoding="UTF-8" standalone="yes"?>
<testsuites name="junit">
  <testsuite name="My Login application incorrect" timestamp="2025-03-05T22:53:06" time="5.131" tests="1" failures="1" errors="0" skipped="0">
    <properties>
      <property name="specId" value="0"/>
      <property name="suiteName" value="My Login application incorrect"/>
      <property name="capabilities" value="chrome.133_0_6943_142.mac"/>
      <property name="file" value="file://./tests/signup.e2e.js"/>
    </properties>
    <testcase classname="chrome.133_0_6943_142.mac.My_Login_application_incorrect" name="should not login with invalid credentials" time="5.129" file="file://./tests/signup.e2e.js">
      <failure message="Expect  to have text&#xA;&#xA;Expected: StringContaining &quot;You logged into a secure area!&quot;&#xA;Received: &quot;Your password is invalid!&#xA;×&quot;"/>
      <system-out>
COMMAND: POST /session/aa66bd8f92bb04790af9742397c737f2/element/f.08A6D953CF99B82E05DA2C1FDAFFB5BD.d.718A7A623C529228E54AC49E2FE92202.e.4/clear - {}
RESULT: {}
COMMAND: POST /session/aa66bd8f92bb04790af9742397c737f2/element/f.08A6D953CF99B82E05DA2C1FDAFFB5BD.d.718A7A623C529228E54AC49E2FE92202.e.4/value - {"text":"tomsmith"}
RESULT: {"text":"tomsmith"}
COMMAND: POST /session/aa66bd8f92bb04790af9742397c737f2/element/f.08A6D953CF99B82E05DA2C1FDAFFB5BD.d.718A7A623C529228E54AC49E2FE92202.e.6/clear - {}
RESULT: {}
COMMAND: POST /session/aa66bd8f92bb04790af9742397c737f2/element/f.08A6D953CF99B82E05DA2C1FDAFFB5BD.d.718A7A623C529228E54AC49E2FE92202.e.6/value - {"text":"123"}
RESULT: {"text":"123"}
COMMAND: POST /session/aa66bd8f92bb04790af9742397c737f2/element/f.08A6D953CF99B82E05DA2C1FDAFFB5BD.d.718A7A623C529228E54AC49E2FE92202.e.7/click - {}
RESULT: {}
COMMAND: GET /session/aa66bd8f92bb04790af9742397c737f2/element/f.08A6D953CF99B82E05DA2C1FDAFFB5BD.d.7272D034ED3899770ADFFBB0B9B6F9D3.e.18/text - {}
RESULT: {}
COMMAND: GET /session/aa66bd8f92bb04790af9742397c737f2/element/f.08A6D953CF99B82E05DA2C1FDAFFB5BD.d.7272D034ED3899770ADFFBB0B9B6F9D3.e.18/text - {}
RESULT: {}
COMMAND: GET /session/aa66bd8f92bb04790af9742397c737f2/element/f.08A6D953CF99B82E05DA2C1FDAFFB5BD.d.7272D034ED3899770ADFFBB0B9B6F9D3.e.18/text - {}
RESULT: {}
COMMAND: GET /session/aa66bd8f92bb04790af9742397c737f2/element/f.08A6D953CF99B82E05DA2C1FDAFFB5BD.d.7272D034ED3899770ADFFBB0B9B6F9D3.e.18/text - {}
RESULT: {}
COMMAND: GET /session/aa66bd8f92bb04790af9742397c737f2/element/f.08A6D953CF99B82E05DA2C1FDAFFB5BD.d.7272D034ED3899770ADFFBB0B9B6F9D3.e.18/text - {}
RESULT: {}
COMMAND: GET /session/aa66bd8f92bb04790af9742397c737f2/element/f.08A6D953CF99B82E05DA2C1FDAFFB5BD.d.7272D034ED3899770ADFFBB0B9B6F9D3.e.18/text - {}
RESULT: {}
COMMAND: DELETE /session/aa66bd8f92bb04790af9742397c737f2 - {}
RESULT: {}
</system-out>
      <system-err>
Error: Expect  to have text

Expected: StringContaining "You logged into a secure area!"
Received: "Your password is invalid!
×"
    at Context.&lt;anonymous&gt; (/Users/miguelangarano/Documents/GitHub/currents-junit-xml-example/packages/wdio/tests/signup.e2e.js:11:41)
</system-err>
    </testcase>
  </testsuite>
  <testsuite name="My Login application" timestamp="2025-03-05T22:53:06" time="2.043" tests="1" failures="0" errors="0" skipped="0">
    <properties>
      <property name="specId" value="0"/>
      <property name="suiteName" value="My Login application"/>
      <property name="capabilities" value="chrome.133_0_6943_142.mac"/>
      <property name="file" value="file://./tests/test.e2e.js"/>
    </properties>
    <testcase classname="chrome.133_0_6943_142.mac.My_Login_application" name="should login with valid credentials" time="2.041" file="file://./tests/test.e2e.js">
      <system-out>
COMMAND: POST /session/d92ab15d1dab4245558402c6608012a3/element/f.B65A7297D0C1DF6B65889D171ACAF745.d.605B0E471B4C5427AFF20A881563A318.e.4/clear - {}
RESULT: {}
COMMAND: POST /session/d92ab15d1dab4245558402c6608012a3/element/f.B65A7297D0C1DF6B65889D171ACAF745.d.605B0E471B4C5427AFF20A881563A318.e.4/value - {"text":"tomsmith"}
RESULT: {"text":"tomsmith"}
COMMAND: POST /session/d92ab15d1dab4245558402c6608012a3/element/f.B65A7297D0C1DF6B65889D171ACAF745.d.605B0E471B4C5427AFF20A881563A318.e.6/clear - {}
RESULT: {}
COMMAND: POST /session/d92ab15d1dab4245558402c6608012a3/element/f.B65A7297D0C1DF6B65889D171ACAF745.d.605B0E471B4C5427AFF20A881563A318.e.6/value - {"text":"SuperSecretPassword!"}
RESULT: {"text":"SuperSecretPassword!"}
COMMAND: POST /session/d92ab15d1dab4245558402c6608012a3/element/f.B65A7297D0C1DF6B65889D171ACAF745.d.605B0E471B4C5427AFF20A881563A318.e.7/click - {}
RESULT: {}
COMMAND: GET /session/d92ab15d1dab4245558402c6608012a3/element/f.B65A7297D0C1DF6B65889D171ACAF745.d.C05FAD231E9C0A28E345D90B19456092.e.14/text - {}
RESULT: {}
COMMAND: DELETE /session/d92ab15d1dab4245558402c6608012a3 - {}
RESULT: {}
</system-out>
    </testcase>
  </testsuite>
</testsuites>