<?xml version="1.0" encoding="UTF-8"?>
<testsuites tests="1" failures="0" errors="0" skipped="0">
  <testsuite name="My Login application" timestamp="2024-11-20T11:55:55" time="2.43" tests="1" failures="0" errors="0" skipped="0">
    <properties>
      <property name="specId" value="0"/>
      <property name="suiteName" value="My Login application"/>
      <property name="capabilities" value="chrome.131_0_6778_85.mac"/>
      <property name="file" value="file://./wdio-example/tests/test.e2e.js"/>
    </properties>
    <testcase classname="chrome.131_0_6778_85.mac.My_Login_application" name="should login with valid credentials" time="2.429" file="file://./wdio-example/tests/test.e2e.js">
      <system-out><![CDATA[
COMMAND: POST /session/69b60adbc65a7e265fc3972621eec652/element/f.7DC630A8BB58E2E58F9E88FED88EA3B2.d.ECDD0D49BE555B0547226577CC9AA755.e.4/clear - {}
RESULT: {}
COMMAND: POST /session/69b60adbc65a7e265fc3972621eec652/element/f.7DC630A8BB58E2E58F9E88FED88EA3B2.d.ECDD0D49BE555B0547226577CC9AA755.e.4/value - {"text":"tomsmith"}
RESULT: {"text":"tomsmith"}
COMMAND: POST /session/69b60adbc65a7e265fc3972621eec652/element/f.7DC630A8BB58E2E58F9E88FED88EA3B2.d.ECDD0D49BE555B0547226577CC9AA755.e.6/clear - {}
RESULT: {}
COMMAND: POST /session/69b60adbc65a7e265fc3972621eec652/element/f.7DC630A8BB58E2E58F9E88FED88EA3B2.d.ECDD0D49BE555B0547226577CC9AA755.e.6/value - {"text":"SuperSecretPassword!"}
RESULT: {"text":"SuperSecretPassword!"}
COMMAND: POST /session/69b60adbc65a7e265fc3972621eec652/element/f.7DC630A8BB58E2E58F9E88FED88EA3B2.d.ECDD0D49BE555B0547226577CC9AA755.e.7/click - {}
RESULT: {}
COMMAND: GET /session/69b60adbc65a7e265fc3972621eec652/element/f.7DC630A8BB58E2E58F9E88FED88EA3B2.d.752C3C14B55001F6F7728C476DC27EEE.e.15/text - {}
RESULT: {}
COMMAND: DELETE /session/69b60adbc65a7e265fc3972621eec652 - {}
RESULT: {}
]]></system-out>
    </testcase>
  </testsuite>
</testsuites>