<?xml version="1.0" encoding="UTF-8"?>
<testsuites tests="1" failures="1" errors="0" skipped="0">
  <testsuite name="My Login application incorrect" timestamp="2024-11-20T11:55:55" time="5.25" tests="1" failures="1" errors="0" skipped="0">
    <properties>
      <property name="specId" value="0"/>
      <property name="suiteName" value="My Login application incorrect"/>
      <property name="capabilities" value="chrome.131_0_6778_85.mac"/>
      <property name="file" value="file://./wdio-example/tests/signup.e2e.js"/>
    </properties>
    <testcase classname="chrome.131_0_6778_85.mac.My_Login_application_incorrect" name="should not login with invalid credentials" time="5.248" file="file://./wdio-example/tests/signup.e2e.js">
      <failure message="Expect  to have text&#xA;&#xA;Expected: StringContaining &quot;You logged into a secure area!&quot;&#xA;Received: &quot;Your password is invalid!&#xA;×&quot;"/>
      <system-out><![CDATA[
COMMAND: POST /session/d508f942d7ce0715a049272f75f5c966/element/f.BAF1F24B5CBDD3534E5773E3374C2986.d.603FDC276C7E6B2DE2B2F05E4F9D6BDA.e.4/clear - {}
RESULT: {}
COMMAND: POST /session/d508f942d7ce0715a049272f75f5c966/element/f.BAF1F24B5CBDD3534E5773E3374C2986.d.603FDC276C7E6B2DE2B2F05E4F9D6BDA.e.4/value - {"text":"tomsmith"}
RESULT: {"text":"tomsmith"}
COMMAND: POST /session/d508f942d7ce0715a049272f75f5c966/element/f.BAF1F24B5CBDD3534E5773E3374C2986.d.603FDC276C7E6B2DE2B2F05E4F9D6BDA.e.6/clear - {}
RESULT: {}
COMMAND: POST /session/d508f942d7ce0715a049272f75f5c966/element/f.BAF1F24B5CBDD3534E5773E3374C2986.d.603FDC276C7E6B2DE2B2F05E4F9D6BDA.e.6/value - {"text":"123"}
RESULT: {"text":"123"}
COMMAND: POST /session/d508f942d7ce0715a049272f75f5c966/element/f.BAF1F24B5CBDD3534E5773E3374C2986.d.603FDC276C7E6B2DE2B2F05E4F9D6BDA.e.7/click - {}
RESULT: {}
COMMAND: GET /session/d508f942d7ce0715a049272f75f5c966/element/f.BAF1F24B5CBDD3534E5773E3374C2986.d.6F3ADC9B60412FBEC2B0CC2606B227EA.e.18/text - {}
RESULT: {}
COMMAND: GET /session/d508f942d7ce0715a049272f75f5c966/element/f.BAF1F24B5CBDD3534E5773E3374C2986.d.6F3ADC9B60412FBEC2B0CC2606B227EA.e.18/text - {}
RESULT: {}
COMMAND: GET /session/d508f942d7ce0715a049272f75f5c966/element/f.BAF1F24B5CBDD3534E5773E3374C2986.d.6F3ADC9B60412FBEC2B0CC2606B227EA.e.18/text - {}
RESULT: {}
COMMAND: GET /session/d508f942d7ce0715a049272f75f5c966/element/f.BAF1F24B5CBDD3534E5773E3374C2986.d.6F3ADC9B60412FBEC2B0CC2606B227EA.e.18/text - {}
RESULT: {}
COMMAND: GET /session/d508f942d7ce0715a049272f75f5c966/element/f.BAF1F24B5CBDD3534E5773E3374C2986.d.6F3ADC9B60412FBEC2B0CC2606B227EA.e.18/text - {}
RESULT: {}
COMMAND: GET /session/d508f942d7ce0715a049272f75f5c966/element/f.BAF1F24B5CBDD3534E5773E3374C2986.d.6F3ADC9B60412FBEC2B0CC2606B227EA.e.18/text - {}
RESULT: {}
COMMAND: DELETE /session/d508f942d7ce0715a049272f75f5c966 - {}
RESULT: {}
]]></system-out>
      <system-err><![CDATA[
Error: Expect  to have text

Expected: StringContaining "You logged into a secure area!"
Received: "Your password is invalid!
×"
    at Context.<anonymous> (/Users/miguelangarano/Documents/GitHub/generic-api-example/wdio-example/tests/signup.e2e.js:11:41)
]]></system-err>
    </testcase>
  </testsuite>
</testsuites>