<?xml version="1.0" encoding="UTF-8" ?>
<testsuites name="vitest tests" tests="13" failures="2" errors="0" time="0.339">
    <testsuite name="vitest-example/tests/numberUtils.spec.js" timestamp="2024-11-27T15:47:40.203Z" hostname="Miguels-Laptop.local" tests="7" failures="0" errors="0" skipped="0" time="0.0078447084">
        <testcase classname="vitest-example/tests/numberUtils.spec.js" name="calculateAverage &gt; calculates average of positive numbers" time="0.0009313755">
        </testcase>
        <testcase classname="vitest-example/tests/numberUtils.spec.js" name="calculateAverage &gt; handles array with single number" time="0.0001673756">
        </testcase>
        <testcase classname="vitest-example/tests/numberUtils.spec.js" name="calculateAverage &gt; handles empty array" time="0.0000655832">
        </testcase>
        <testcase classname="vitest-example/tests/numberUtils.spec.js" name="calculateAverage &gt; handles negative numbers" time="0.0000684576">
        </testcase>
        <testcase classname="vitest-example/tests/numberUtils.spec.js" name="calculateAverage &gt; handles decimal numbers" time="0.0002002916">
        </testcase>
        <testcase classname="vitest-example/tests/numberUtils.spec.js" name="calculateAverage &gt; returns 0 for invalid input" time="0.000073041">
        </testcase>
        <testcase classname="vitest-example/tests/numberUtils.spec.js" name="calculateAverage &gt; timeout" time="0.0056372919">
            <system-out>
COUNT:: 1 1
TIMEO::
COUNT:: 2 2
TIMEO::
COUNT:: 3 3
DEL::

            </system-out>
        </testcase>
    </testsuite>
    <testsuite name="vitest-example/tests/stringUtils.spec.js" timestamp="2024-11-27T15:47:40.206Z" hostname="Miguels-Laptop.local" tests="6" failures="2" errors="0" skipped="0" time="0.0081894999">
        <testcase classname="vitest-example/tests/stringUtils.spec.js" name="capitalizeWords &gt; capitalizes first letter of each word" time="0.0009870834">
        </testcase>
        <testcase classname="vitest-example/tests/stringUtils.spec.js" name="capitalizeWords &gt; handles already capitalized words" time="0.0001754999">
        </testcase>
        <testcase classname="vitest-example/tests/stringUtils.spec.js" name="capitalizeWords &gt; handles empty string" time="0.0000664997">
        </testcase>
        <testcase classname="vitest-example/tests/stringUtils.spec.js" name="capitalizeWords &gt; handles single word" time="0.0000707912">
        </testcase>
        <testcase classname="vitest-example/tests/stringUtils.spec.js" name="capitalizeWords &gt; handles mixed case input" time="0.0051186256">
            <failure message="expected &apos;Hello World&apos; to be &apos;Hello World!&apos; // Object.is equality" type="AssertionError">
AssertionError: expected &apos;Hello World&apos; to be &apos;Hello World!&apos; // Object.is equality

Expected: &quot;Hello World!&quot;
Received: &quot;Hello World&quot;

 ❯ vitest-example/tests/stringUtils.spec.js:22:44
            </failure>
            <failure message="expected &apos;Hello World&apos; to be &apos;Hello World!&apos; // Object.is equality" type="AssertionError">
AssertionError: expected &apos;Hello World&apos; to be &apos;Hello World!&apos; // Object.is equality

Expected: &quot;Hello World!&quot;
Received: &quot;Hello World&quot;

 ❯ vitest-example/tests/stringUtils.spec.js:22:44
            </failure>
            <failure message="expected &apos;Hello World&apos; to be &apos;Hello World!&apos; // Object.is equality" type="AssertionError">
AssertionError: expected &apos;Hello World&apos; to be &apos;Hello World!&apos; // Object.is equality

Expected: &quot;Hello World!&quot;
Received: &quot;Hello World&quot;

 ❯ vitest-example/tests/stringUtils.spec.js:22:44
            </failure>
            <failure message="expected &apos;Hello World&apos; to be &apos;Hello World!&apos; // Object.is equality" type="AssertionError">
AssertionError: expected &apos;Hello World&apos; to be &apos;Hello World!&apos; // Object.is equality

Expected: &quot;Hello World!&quot;
Received: &quot;Hello World&quot;

 ❯ vitest-example/tests/stringUtils.spec.js:22:44
            </failure>
        </testcase>
        <testcase classname="vitest-example/tests/stringUtils.spec.js" name="capitalizeWords &gt; errors on number received" time="0.0010262918">
            <failure message="str.split is not a function" type="TypeError">
TypeError: str.split is not a function
 ❯ Module.capitalizeWords vitest-example/stringUtils.js:4:6
 ❯ vitest-example/tests/stringUtils.spec.js:26:12
            </failure>
            <failure message="str.split is not a function" type="TypeError">
TypeError: str.split is not a function
 ❯ Module.capitalizeWords vitest-example/stringUtils.js:4:6
 ❯ vitest-example/tests/stringUtils.spec.js:26:12
            </failure>
            <failure message="str.split is not a function" type="TypeError">
TypeError: str.split is not a function
 ❯ Module.capitalizeWords vitest-example/stringUtils.js:4:6
 ❯ vitest-example/tests/stringUtils.spec.js:26:12
            </failure>
            <failure message="str.split is not a function" type="TypeError">
TypeError: str.split is not a function
 ❯ Module.capitalizeWords vitest-example/stringUtils.js:4:6
 ❯ vitest-example/tests/stringUtils.spec.js:26:12
            </failure>
        </testcase>
    </testsuite>
</testsuites>
